Added Component: Designator=L2(10UH)
Add component (AddParameter): Name = "Code_IEC"; Value = "1005"; VariantName = "[No Variations]"
Add component (AddParameter): Name = "Code_JEITA"; Value = "0402"; VariantName = "[No Variations]"
Add component (AddParameter): Name = "LatestRevisionDate"; Value = "17-Jul-2002"; VariantName = "[No Variations]"
Add component (AddParameter): Name = "LatestRevisionNote"; Value = "Re-released for DXP Platform."; VariantName = "[No Variations]"
Add component (AddParameter): Name = "PackageReference"; Value = "0402-A"; VariantName = "[No Variations]"
Add component (AddParameter): Name = "Published"; Value = "8-Jun-2000"; VariantName = "[No Variations]"
Add component (AddParameter): Name = "Publisher"; Value = "Altium Limited"; VariantName = "[No Variations]"
Added Component: Designator=U3(QFP50P1600X1600X160-100N)
Add component (AddParameter): Name = "Availability"; Value = "In Stock"; VariantName = "[No Variations]"
Add component (AddParameter): Name = "Check_prices"; Value = "https://www.snapeda.com/parts/STM32H750VBT6/STMicroelectronics/view-part/?ref=eda"; VariantName = "[No Variations]"
Add component (AddParameter): Name = "MF"; Value = "STMicroelectronics"; VariantName = "[No Variations]"
Add component (AddParameter): Name = "MP"; Value = "STM32H750VBT6"; VariantName = "[No Variations]"
Add component (AddParameter): Name = "Package"; Value = "LQFP-100 STMicroelectronics"; VariantName = "[No Variations]"
Add component (AddParameter): Name = "Price"; Value = "None"; VariantName = "[No Variations]"
Add component (AddParameter): Name = "Purchase-URL"; Value = "https://pricing.snapeda.com/search/part/STM32H750VBT6/?ref=eda"; VariantName = "[No Variations]"
Add component (AddParameter): Name = "SnapEDA_Link"; Value = "https://www.snapeda.com/parts/STM32H750VBT6/STMicroelectronics/view-part/?ref=snap"; VariantName = "[No Variations]"
Add component (AddParameter): Name = "Value"; Value = ""; VariantName = "[No Variations]"
Added Component: Designator=U?(SOT95P280X110-6N)
Add component (AddParameter): Name = "Availability"; Value = "Good"; VariantName = "[No Variations]"
Add component (AddParameter): Name = "Check_prices"; Value = "https://www.snapeda.com/parts/TPS54202HDDCR/Texas%20Instruments/view-part/573706/?ref=eda"; VariantName = "[No Variations]"
Add component (AddParameter): Name = "MF"; Value = "Texas Instruments"; VariantName = "[No Variations]"
Add component (AddParameter): Name = "MP"; Value = "TPS54202HDDCR"; VariantName = "[No Variations]"
Add component (AddParameter): Name = "Package"; Value = "SOT-23-THN-6 Texas Instruments"; VariantName = "[No Variations]"
Add component (AddParameter): Name = "Price"; Value = "None"; VariantName = "[No Variations]"
Add component (AddParameter): Name = "Purchase-URL"; Value = "https://pricing.snapeda.com/search/part/TPS54202HDDCR/?ref=eda"; VariantName = "[No Variations]"
Add component (AddParameter): Name = "SnapEDA_Link"; Value = "https://www.snapeda.com/parts/TPS54202HDDCR/Texas%20Instruments/view-part/573706/?ref=snap"; VariantName = "[No Variations]"
Add component (AddParameter): Name = "Value"; Value = ""; VariantName = "[No Variations]"
Added Pin To Net: NetName=3V3 Pin=L2-1
Added Pin To Net: NetName=VDDA Pin=L2-2
Added Pin To Net: NetName=PE2 Pin=U3-1
Added Pin To Net: NetName=PE3 Pin=U3-2
Added Pin To Net: NetName=PE4 Pin=U3-3
Added Pin To Net: NetName=PE5 Pin=U3-4
Added Pin To Net: NetName=PE6 Pin=U3-5
Added Pin To Net: NetName=NetBT1_P Pin=U3-6
Added Pin To Net: NetName=PC13 Pin=U3-7
Added Pin To Net: NetName=OSC32_IN Pin=U3-8
Added Pin To Net: NetName=OSC32_OUT Pin=U3-9
Added Pin To Net: NetName=GND Pin=U3-10
Added Pin To Net: NetName=3V3 Pin=U3-11
Added Pin To Net: NetName=OSC_IN Pin=U3-12
Added Pin To Net: NetName=OSC_OUT Pin=U3-13
Added Pin To Net: NetName=NRST Pin=U3-14
Added Pin To Net: NetName=PC0 Pin=U3-15
Added Pin To Net: NetName=PC1 Pin=U3-16
Added Pin To Net: NetName=PC2 Pin=U3-17
Added Pin To Net: NetName=PC3 Pin=U3-18
Added Pin To Net: NetName=VSSA Pin=U3-19
Added Pin To Net: NetName=VREF+ Pin=U3-20
Added Pin To Net: NetName=VDDA Pin=U3-21
Added Pin To Net: NetName=PA0 Pin=U3-22
Added Pin To Net: NetName=PA1 Pin=U3-23
Added Pin To Net: NetName=PA2 Pin=U3-24
Added Pin To Net: NetName=PA3 Pin=U3-25
Added Pin To Net: NetName=GND Pin=U3-26
Added Pin To Net: NetName=3V3 Pin=U3-27
Added Pin To Net: NetName=PA4 Pin=U3-28
Added Pin To Net: NetName=PA5 Pin=U3-29
Added Pin To Net: NetName=PA6 Pin=U3-30
Added Pin To Net: NetName=PA7 Pin=U3-31
Added Pin To Net: NetName=PC4 Pin=U3-32
Added Pin To Net: NetName=PC5 Pin=U3-33
Added Pin To Net: NetName=PB0 Pin=U3-34
Added Pin To Net: NetName=PB1 Pin=U3-35
Added Pin To Net: NetName=PB2 Pin=U3-36
Added Pin To Net: NetName=PE7 Pin=U3-37
Added Pin To Net: NetName=PE8 Pin=U3-38
Added Pin To Net: NetName=PE9 Pin=U3-39
Added Pin To Net: NetName=PE10 Pin=U3-40
Added Pin To Net: NetName=PE11 Pin=U3-41
Added Pin To Net: NetName=PE12 Pin=U3-42
Added Pin To Net: NetName=PE13 Pin=U3-43
Added Pin To Net: NetName=PE14 Pin=U3-44
Added Pin To Net: NetName=PE15 Pin=U3-45
Added Pin To Net: NetName=PB10 Pin=U3-46
Added Pin To Net: NetName=PB11 Pin=U3-47
Added Pin To Net: NetName=VCAP1 Pin=U3-48
Added Pin To Net: NetName=GND Pin=U3-49
Added Pin To Net: NetName=3V3 Pin=U3-50
Added Pin To Net: NetName=PB12 Pin=U3-51
Added Pin To Net: NetName=PB13 Pin=U3-52
Added Pin To Net: NetName=PB14 Pin=U3-53
Added Pin To Net: NetName=PB15 Pin=U3-54
Added Pin To Net: NetName=PD8 Pin=U3-55
Added Pin To Net: NetName=PD9 Pin=U3-56
Added Pin To Net: NetName=PD10 Pin=U3-57
Added Pin To Net: NetName=PD11 Pin=U3-58
Added Pin To Net: NetName=PD12 Pin=U3-59
Added Pin To Net: NetName=PD13 Pin=U3-60
Added Pin To Net: NetName=PD14 Pin=U3-61
Added Pin To Net: NetName=PD15 Pin=U3-62
Added Pin To Net: NetName=PC6 Pin=U3-63
Added Pin To Net: NetName=PC7 Pin=U3-64
Added Pin To Net: NetName=PC8 Pin=U3-65
Added Pin To Net: NetName=PC9 Pin=U3-66
Added Pin To Net: NetName=PA8 Pin=U3-67
Added Pin To Net: NetName=PA9 Pin=U3-68
Added Pin To Net: NetName=PA10 Pin=U3-69
Added Pin To Net: NetName=PA11 Pin=U3-70
Added Pin To Net: NetName=PA12 Pin=U3-71
Added Pin To Net: NetName=SWDIO Pin=U3-72
Added Pin To Net: NetName=VCAP2 Pin=U3-73
Added Pin To Net: NetName=GND Pin=U3-74
Added Pin To Net: NetName=3V3 Pin=U3-75
Added Pin To Net: NetName=SWCLK Pin=U3-76
Added Pin To Net: NetName=PA15 Pin=U3-77
Added Pin To Net: NetName=PC10 Pin=U3-78
Added Pin To Net: NetName=PC11 Pin=U3-79
Added Pin To Net: NetName=PC12 Pin=U3-80
Added Pin To Net: NetName=PD0 Pin=U3-81
Added Pin To Net: NetName=PD1 Pin=U3-82
Added Pin To Net: NetName=PD2 Pin=U3-83
Added Pin To Net: NetName=PD3 Pin=U3-84
Added Pin To Net: NetName=PD4 Pin=U3-85
Added Pin To Net: NetName=PD5 Pin=U3-86
Added Pin To Net: NetName=PD6 Pin=U3-87
Added Pin To Net: NetName=PD7 Pin=U3-88
Added Pin To Net: NetName=PB3 Pin=U3-89
Added Pin To Net: NetName=PB4 Pin=U3-90
Added Pin To Net: NetName=PB5 Pin=U3-91
Added Pin To Net: NetName=PB6 Pin=U3-92
Added Pin To Net: NetName=PB7 Pin=U3-93
Added Pin To Net: NetName=BOOT0 Pin=U3-94
Added Pin To Net: NetName=PB8 Pin=U3-95
Added Pin To Net: NetName=PB9 Pin=U3-96
Added Pin To Net: NetName=PE0 Pin=U3-97
Added Pin To Net: NetName=PE1 Pin=U3-98
Added Pin To Net: NetName=GND Pin=U3-99
Added Pin To Net: NetName=3V3 Pin=U3-100
Added Pin To Net: NetName=GND Pin=U?-1
Added Pin To Net: NetName=NetC3_2 Pin=U?-2
Added Pin To Net: NetName=NetC1_2 Pin=U?-3
Added Pin To Net: NetName=NetC6_2 Pin=U?-4
Added Pin To Net: NetName=NetR3_2 Pin=U?-5
Added Pin To Net: NetName=NetC3_1 Pin=U?-6
Added Member To Class: ClassName=MCU_STM32H750VBT6 Member=Component L2 10uH
Added Member To Class: ClassName=MCU_STM32H750VBT6 Member=Component U3 STM32H750VBT6
Added Member To Class: ClassName=Power Member=Component U? TPS54202HDDCR
